<?xml version="1.0" encoding="UTF-8"?>
<testsuite name="TourGuide_User.ApplicationTests" tests="1" skipped="0" failures="0" errors="0" timestamp="2022-04-06T06:20:55" hostname="DESKTOP-FA0T68S" time="0.141">
  <properties/>
  <testcase name="contextLoads()" classname="TourGuide_User.ApplicationTests" time="0.141"/>
  <system-out><![CDATA[08:20:54.232 [Test worker] DEBUG org.springframework.test.context.BootstrapUtils - Instantiating CacheAwareContextLoaderDelegate from class [org.springframework.test.context.cache.DefaultCacheAwareContextLoaderDelegate]
08:20:54.240 [Test worker] DEBUG org.springframework.test.context.BootstrapUtils - Instantiating BootstrapContext using constructor [public org.springframework.test.context.support.DefaultBootstrapContext(java.lang.Class,org.springframework.test.context.CacheAwareContextLoaderDelegate)]
08:20:54.264 [Test worker] DEBUG org.springframework.test.context.BootstrapUtils - Instantiating TestContextBootstrapper for test class [TourGuide_User.ApplicationTests] from class [org.springframework.boot.test.context.SpringBootTestContextBootstrapper]
08:20:54.272 [Test worker] INFO org.springframework.boot.test.context.SpringBootTestContextBootstrapper - Neither @ContextConfiguration nor @ContextHierarchy found for test class [TourGuide_User.ApplicationTests], using SpringBootContextLoader
08:20:54.275 [Test worker] DEBUG org.springframework.test.context.support.AbstractContextLoader - Did not detect default resource location for test class [TourGuide_User.ApplicationTests]: class path resource [TourGuide_User/ApplicationTests-context.xml] does not exist
08:20:54.275 [Test worker] DEBUG org.springframework.test.context.support.AbstractContextLoader - Did not detect default resource location for test class [TourGuide_User.ApplicationTests]: class path resource [TourGuide_User/ApplicationTestsContext.groovy] does not exist
08:20:54.276 [Test worker] INFO org.springframework.test.context.support.AbstractContextLoader - Could not detect default resource locations for test class [TourGuide_User.ApplicationTests]: no resource found for suffixes {-context.xml, Context.groovy}.
08:20:54.276 [Test worker] INFO org.springframework.test.context.support.AnnotationConfigContextLoaderUtils - Could not detect default configuration classes for test class [TourGuide_User.ApplicationTests]: ApplicationTests does not declare any static, non-private, non-final, nested classes annotated with @Configuration.
08:20:54.305 [Test worker] DEBUG org.springframework.test.context.support.ActiveProfilesUtils - Could not find an 'annotation declaring class' for annotation type [org.springframework.test.context.ActiveProfiles] and class [TourGuide_User.ApplicationTests]
08:20:54.350 [Test worker] DEBUG org.springframework.context.annotation.ClassPathScanningCandidateComponentProvider - Identified candidate component class: file [D:\Openclassrooms\Projet8\Work\Test\TripMaster\TourGuide_User\build\classes\java\main\TourGuide_User\Api_User.class]
08:20:54.351 [Test worker] INFO org.springframework.boot.test.context.SpringBootTestContextBootstrapper - Found @SpringBootConfiguration TourGuide_User.Api_User for test class TourGuide_User.ApplicationTests
08:20:54.425 [Test worker] DEBUG org.springframework.boot.test.context.SpringBootTestContextBootstrapper - @TestExecutionListeners is not present for class [TourGuide_User.ApplicationTests]: using defaults.
08:20:54.426 [Test worker] INFO org.springframework.boot.test.context.SpringBootTestContextBootstrapper - Loaded default TestExecutionListener class names from location [META-INF/spring.factories]: [org.springframework.boot.test.autoconfigure.restdocs.RestDocsTestExecutionListener, org.springframework.boot.test.autoconfigure.web.client.MockRestServiceServerResetTestExecutionListener, org.springframework.boot.test.autoconfigure.web.servlet.MockMvcPrintOnlyOnFailureTestExecutionListener, org.springframework.boot.test.autoconfigure.web.servlet.WebDriverTestExecutionListener, org.springframework.boot.test.autoconfigure.webservices.client.MockWebServiceServerTestExecutionListener, org.springframework.boot.test.mock.mockito.MockitoTestExecutionListener, org.springframework.boot.test.mock.mockito.ResetMocksTestExecutionListener, org.springframework.test.context.web.ServletTestExecutionListener, org.springframework.test.context.support.DirtiesContextBeforeModesTestExecutionListener, org.springframework.test.context.event.ApplicationEventsTestExecutionListener, org.springframework.test.context.support.DependencyInjectionTestExecutionListener, org.springframework.test.context.support.DirtiesContextTestExecutionListener, org.springframework.test.context.transaction.TransactionalTestExecutionListener, org.springframework.test.context.jdbc.SqlScriptsTestExecutionListener, org.springframework.test.context.event.EventPublishingTestExecutionListener]
08:20:54.434 [Test worker] DEBUG org.springframework.boot.test.context.SpringBootTestContextBootstrapper - Skipping candidate TestExecutionListener [org.springframework.test.context.transaction.TransactionalTestExecutionListener] due to a missing dependency. Specify custom listener classes or make the default listener classes and their required dependencies available. Offending class: [org/springframework/transaction/TransactionDefinition]
08:20:54.435 [Test worker] DEBUG org.springframework.boot.test.context.SpringBootTestContextBootstrapper - Skipping candidate TestExecutionListener [org.springframework.test.context.jdbc.SqlScriptsTestExecutionListener] due to a missing dependency. Specify custom listener classes or make the default listener classes and their required dependencies available. Offending class: [org/springframework/transaction/interceptor/TransactionAttribute]
08:20:54.435 [Test worker] INFO org.springframework.boot.test.context.SpringBootTestContextBootstrapper - Using TestExecutionListeners: [org.springframework.test.context.web.ServletTestExecutionListener@73cd37c0, org.springframework.test.context.support.DirtiesContextBeforeModesTestExecutionListener@21337f7b, org.springframework.test.context.event.ApplicationEventsTestExecutionListener@2bb3058, org.springframework.boot.test.mock.mockito.MockitoTestExecutionListener@7a362b6b, org.springframework.boot.test.autoconfigure.SpringBootDependencyInjectionTestExecutionListener@60df60da, org.springframework.test.context.support.DirtiesContextTestExecutionListener@5a2d131d, org.springframework.test.context.event.EventPublishingTestExecutionListener@14fc1f0, org.springframework.boot.test.autoconfigure.restdocs.RestDocsTestExecutionListener@4ae9cfc1, org.springframework.boot.test.autoconfigure.web.client.MockRestServiceServerResetTestExecutionListener@512baff6, org.springframework.boot.test.autoconfigure.web.servlet.MockMvcPrintOnlyOnFailureTestExecutionListener@632ceb35, org.springframework.boot.test.autoconfigure.web.servlet.WebDriverTestExecutionListener@1c93f6e1, org.springframework.boot.test.autoconfigure.webservices.client.MockWebServiceServerTestExecutionListener@1800a575, org.springframework.boot.test.mock.mockito.ResetMocksTestExecutionListener@1458ed9c]
08:20:54.438 [Test worker] DEBUG org.springframework.test.context.support.AbstractDirtiesContextTestExecutionListener - Before test class: context [DefaultTestContext@7a1a14a4 testClass = ApplicationTests, testInstance = [null], testMethod = [null], testException = [null], mergedContextConfiguration = [WebMergedContextConfiguration@265adfad testClass = ApplicationTests, locations = '{}', classes = '{class TourGuide_User.Api_User}', contextInitializerClasses = '[]', activeProfiles = '{}', propertySourceLocations = '{}', propertySourceProperties = '{org.springframework.boot.test.context.SpringBootTestContextBootstrapper=true}', contextCustomizers = set[org.springframework.boot.test.autoconfigure.actuate.metrics.MetricsExportContextCustomizerFactory$DisableMetricExportContextCustomizer@79e4c792, org.springframework.boot.test.autoconfigure.properties.PropertyMappingContextCustomizer@0, org.springframework.boot.test.autoconfigure.web.servlet.WebDriverContextCustomizerFactory$Customizer@2cb4893b, org.springframework.boot.test.context.filter.ExcludeFilterContextCustomizer@645aa696, org.springframework.boot.test.json.DuplicateJsonObjectContextCustomizerFactory$DuplicateJsonObjectContextCustomizer@16eb3ea3, org.springframework.boot.test.mock.mockito.MockitoContextCustomizer@0, org.springframework.boot.test.web.client.TestRestTemplateContextCustomizer@7d9d0818, org.springframework.boot.test.context.SpringBootTestArgs@1, org.springframework.boot.test.context.SpringBootTestWebEnvironment@6b19b79], resourceBasePath = 'src/main/webapp', contextLoader = 'org.springframework.boot.test.context.SpringBootContextLoader', parent = [null]], attributes = map['org.springframework.test.context.web.ServletTestExecutionListener.activateListener' -> true]], class annotated with @DirtiesContext [false] with mode [null].
08:20:54.467 [Test worker] DEBUG org.springframework.boot.ApplicationServletEnvironment - Activating profiles []
08:20:54.468 [Test worker] DEBUG org.springframework.test.context.support.TestPropertySourceUtils - Adding inlined properties to environment: {spring.jmx.enabled=false, org.springframework.boot.test.context.SpringBootTestContextBootstrapper=true}

  .   ____          _            __ _ _
 /\\ / ___'_ __ _ _(_)_ __  __ _ \ \ \ \
( ( )\___ | '_ | '_| | '_ \/ _` | \ \ \ \
 \\/  ___)| |_)| | | | | || (_| |  ) ) ) )
  '  |____| .__|_| |_|_| |_\__, | / / / /
 =========|_|==============|___/=/_/_/_/
 :: Spring Boot ::                (v2.6.1)

2022-04-06 08:20:54.661  INFO 20396 --- [    Test worker] TourGuide_User.ApplicationTests          : Starting ApplicationTests using Java 1.8.0_302 on DESKTOP-FA0T68S with PID 20396 (started by Eric in D:\Openclassrooms\Projet8\Work\Test\TripMaster\TourGuide_User)
2022-04-06 08:20:54.662 DEBUG 20396 --- [    Test worker] TourGuide_User.ApplicationTests          : Running with Spring Boot v2.6.1, Spring v5.3.13
2022-04-06 08:20:54.662  INFO 20396 --- [    Test worker] TourGuide_User.ApplicationTests          : No active profile set, falling back to default profiles: default
2022-04-06 08:20:55.623  INFO 20396 --- [    Test worker] TourGuide_User.ApplicationTests          : Started ApplicationTests in 1.154 seconds (JVM running for 2.121)
]]></system-out>
  <system-err><![CDATA[]]></system-err>
</testsuite>
