<?xml version="1.0" encoding="UTF-8"?>
<testsuite name="TourGuide_User.TestUser" tests="4" skipped="0" failures="0" errors="0" timestamp="2022-04-06T06:20:56" hostname="DESKTOP-FA0T68S" time="0.059">
  <properties/>
  <testcase name="getReturnUserByUserNameTest()" classname="TourGuide_User.TestUser" time="0.008"/>
  <testcase name="getAllUserTest()" classname="TourGuide_User.TestUser" time="0.002"/>
  <testcase name="getHomeTest()" classname="TourGuide_User.TestUser" time="0.044"/>
  <testcase name="getReturnUserByUserNameIsNullTest()" classname="TourGuide_User.TestUser" time="0.002"/>
  <system-out><![CDATA[2022-04-06 08:20:55.808  INFO 20396 --- [    Test worker] .b.t.c.SpringBootTestContextBootstrapper : Neither @ContextConfiguration nor @ContextHierarchy found for test class [TourGuide_User.TestUser], using SpringBootContextLoader
2022-04-06 08:20:55.809  INFO 20396 --- [    Test worker] o.s.t.c.support.AbstractContextLoader    : Could not detect default resource locations for test class [TourGuide_User.TestUser]: no resource found for suffixes {-context.xml, Context.groovy}.
2022-04-06 08:20:55.809  INFO 20396 --- [    Test worker] t.c.s.AnnotationConfigContextLoaderUtils : Could not detect default configuration classes for test class [TourGuide_User.TestUser]: TestUser does not declare any static, non-private, non-final, nested classes annotated with @Configuration.
2022-04-06 08:20:55.813  INFO 20396 --- [    Test worker] .b.t.c.SpringBootTestContextBootstrapper : Found @SpringBootConfiguration TourGuide_User.Api_User for test class TourGuide_User.TestUser
2022-04-06 08:20:55.814  INFO 20396 --- [    Test worker] .b.t.c.SpringBootTestContextBootstrapper : Loaded default TestExecutionListener class names from location [META-INF/spring.factories]: [org.springframework.boot.test.autoconfigure.restdocs.RestDocsTestExecutionListener, org.springframework.boot.test.autoconfigure.web.client.MockRestServiceServerResetTestExecutionListener, org.springframework.boot.test.autoconfigure.web.servlet.MockMvcPrintOnlyOnFailureTestExecutionListener, org.springframework.boot.test.autoconfigure.web.servlet.WebDriverTestExecutionListener, org.springframework.boot.test.autoconfigure.webservices.client.MockWebServiceServerTestExecutionListener, org.springframework.boot.test.mock.mockito.MockitoTestExecutionListener, org.springframework.boot.test.mock.mockito.ResetMocksTestExecutionListener, org.springframework.test.context.web.ServletTestExecutionListener, org.springframework.test.context.support.DirtiesContextBeforeModesTestExecutionListener, org.springframework.test.context.event.ApplicationEventsTestExecutionListener, org.springframework.test.context.support.DependencyInjectionTestExecutionListener, org.springframework.test.context.support.DirtiesContextTestExecutionListener, org.springframework.test.context.transaction.TransactionalTestExecutionListener, org.springframework.test.context.jdbc.SqlScriptsTestExecutionListener, org.springframework.test.context.event.EventPublishingTestExecutionListener]
2022-04-06 08:20:55.815  INFO 20396 --- [    Test worker] .b.t.c.SpringBootTestContextBootstrapper : Using TestExecutionListeners: [org.springframework.test.context.web.ServletTestExecutionListener@3af7d855, org.springframework.test.context.support.DirtiesContextBeforeModesTestExecutionListener@77049094, org.springframework.test.context.event.ApplicationEventsTestExecutionListener@f88bfbe, org.springframework.boot.test.mock.mockito.MockitoTestExecutionListener@59bbe88a, org.springframework.boot.test.autoconfigure.SpringBootDependencyInjectionTestExecutionListener@5d8ab698, org.springframework.test.context.support.DirtiesContextTestExecutionListener@ed91d8d, org.springframework.test.context.event.EventPublishingTestExecutionListener@446626a7, org.springframework.boot.test.autoconfigure.restdocs.RestDocsTestExecutionListener@429f7919, org.springframework.boot.test.autoconfigure.web.client.MockRestServiceServerResetTestExecutionListener@4a2929a4, org.springframework.boot.test.autoconfigure.web.servlet.MockMvcPrintOnlyOnFailureTestExecutionListener@cda6019, org.springframework.boot.test.autoconfigure.web.servlet.WebDriverTestExecutionListener@797c3c3b, org.springframework.boot.test.autoconfigure.webservices.client.MockWebServiceServerTestExecutionListener@4012d5bc, org.springframework.boot.test.mock.mockito.ResetMocksTestExecutionListener@4375b013]

  .   ____          _            __ _ _
 /\\ / ___'_ __ _ _(_)_ __  __ _ \ \ \ \
( ( )\___ | '_ | '_| | '_ \/ _` | \ \ \ \
 \\/  ___)| |_)| | | | | || (_| |  ) ) ) )
  '  |____| .__|_| |_|_| |_\__, | / / / /
 =========|_|==============|___/=/_/_/_/
 :: Spring Boot ::                (v2.6.1)

2022-04-06 08:20:55.837  INFO 20396 --- [    Test worker] TourGuide_User.TestUser                  : Starting TestUser using Java 1.8.0_302 on DESKTOP-FA0T68S with PID 20396 (started by Eric in D:\Openclassrooms\Projet8\Work\Test\TripMaster\TourGuide_User)
2022-04-06 08:20:55.837 DEBUG 20396 --- [    Test worker] TourGuide_User.TestUser                  : Running with Spring Boot v2.6.1, Spring v5.3.13
2022-04-06 08:20:55.837  INFO 20396 --- [    Test worker] TourGuide_User.TestUser                  : No active profile set, falling back to default profiles: default
2022-04-06 08:20:56.192  INFO 20396 --- [    Test worker] o.s.b.t.m.w.SpringBootMockServletContext : Initializing Spring TestDispatcherServlet ''
2022-04-06 08:20:56.192  INFO 20396 --- [    Test worker] o.s.t.web.servlet.TestDispatcherServlet  : Initializing Servlet ''
2022-04-06 08:20:56.193  INFO 20396 --- [    Test worker] o.s.t.web.servlet.TestDispatcherServlet  : Completed initialization in 1 ms
2022-04-06 08:20:56.199  INFO 20396 --- [    Test worker] TourGuide_User.TestUser                  : Started TestUser in 0.382 seconds (JVM running for 2.697)
2022-04-06 08:20:56.205 DEBUG 20396 --- [    Test worker] TourGuide_User.services.UserServices     : Created 4 internal test users.
2022-04-06 08:20:56.212 DEBUG 20396 --- [    Test worker] TourGuide_User.services.UserServices     : Created 100 internal test users.
2022-04-06 08:20:56.239  INFO 20396 --- [    Test worker] T.controller.UserController              : GET /User Home
2022-04-06 08:20:56.260 DEBUG 20396 --- [    Test worker] TourGuide_User.services.UserServices     : Created 100 internal test users.
]]></system-out>
  <system-err><![CDATA[]]></system-err>
</testsuite>
