<?xml version="1.0" encoding="UTF-8"?>
<testsuite name="TourGuide_GpsUtil.TestGpsUtil" tests="3" skipped="0" failures="0" errors="0" timestamp="2022-04-06T06:20:23" hostname="DESKTOP-FA0T68S" time="0.175">
  <properties/>
  <testcase name="getAttractionsRegisteredTest()" classname="TourGuide_GpsUtil.TestGpsUtil" time="0.03"/>
  <testcase name="getHomeTest()" classname="TourGuide_GpsUtil.TestGpsUtil" time="0.046"/>
  <testcase name="getUserLocationTest()" classname="TourGuide_GpsUtil.TestGpsUtil" time="0.098"/>
  <system-out><![CDATA[2022-04-06 08:20:23.129  INFO 1220 --- [    Test worker] .b.t.c.SpringBootTestContextBootstrapper : Neither @ContextConfiguration nor @ContextHierarchy found for test class [TourGuide_GpsUtil.TestGpsUtil], using SpringBootContextLoader
2022-04-06 08:20:23.130  INFO 1220 --- [    Test worker] o.s.t.c.support.AbstractContextLoader    : Could not detect default resource locations for test class [TourGuide_GpsUtil.TestGpsUtil]: no resource found for suffixes {-context.xml, Context.groovy}.
2022-04-06 08:20:23.130  INFO 1220 --- [    Test worker] t.c.s.AnnotationConfigContextLoaderUtils : Could not detect default configuration classes for test class [TourGuide_GpsUtil.TestGpsUtil]: TestGpsUtil does not declare any static, non-private, non-final, nested classes annotated with @Configuration.
2022-04-06 08:20:23.134  INFO 1220 --- [    Test worker] .b.t.c.SpringBootTestContextBootstrapper : Found @SpringBootConfiguration TourGuide_GpsUtil.Api_GpsUtil for test class TourGuide_GpsUtil.TestGpsUtil
2022-04-06 08:20:23.136  INFO 1220 --- [    Test worker] .b.t.c.SpringBootTestContextBootstrapper : Loaded default TestExecutionListener class names from location [META-INF/spring.factories]: [org.springframework.boot.test.autoconfigure.restdocs.RestDocsTestExecutionListener, org.springframework.boot.test.autoconfigure.web.client.MockRestServiceServerResetTestExecutionListener, org.springframework.boot.test.autoconfigure.web.servlet.MockMvcPrintOnlyOnFailureTestExecutionListener, org.springframework.boot.test.autoconfigure.web.servlet.WebDriverTestExecutionListener, org.springframework.boot.test.autoconfigure.webservices.client.MockWebServiceServerTestExecutionListener, org.springframework.boot.test.mock.mockito.MockitoTestExecutionListener, org.springframework.boot.test.mock.mockito.ResetMocksTestExecutionListener, org.springframework.test.context.web.ServletTestExecutionListener, org.springframework.test.context.support.DirtiesContextBeforeModesTestExecutionListener, org.springframework.test.context.event.ApplicationEventsTestExecutionListener, org.springframework.test.context.support.DependencyInjectionTestExecutionListener, org.springframework.test.context.support.DirtiesContextTestExecutionListener, org.springframework.test.context.transaction.TransactionalTestExecutionListener, org.springframework.test.context.jdbc.SqlScriptsTestExecutionListener, org.springframework.test.context.event.EventPublishingTestExecutionListener]
2022-04-06 08:20:23.136  INFO 1220 --- [    Test worker] .b.t.c.SpringBootTestContextBootstrapper : Using TestExecutionListeners: [org.springframework.test.context.web.ServletTestExecutionListener@ed91d8d, org.springframework.test.context.support.DirtiesContextBeforeModesTestExecutionListener@446626a7, org.springframework.test.context.event.ApplicationEventsTestExecutionListener@429f7919, org.springframework.boot.test.mock.mockito.MockitoTestExecutionListener@4a2929a4, org.springframework.boot.test.autoconfigure.SpringBootDependencyInjectionTestExecutionListener@cda6019, org.springframework.test.context.support.DirtiesContextTestExecutionListener@797c3c3b, org.springframework.test.context.event.EventPublishingTestExecutionListener@4012d5bc, org.springframework.boot.test.autoconfigure.restdocs.RestDocsTestExecutionListener@4375b013, org.springframework.boot.test.autoconfigure.web.client.MockRestServiceServerResetTestExecutionListener@1cf0cacc, org.springframework.boot.test.autoconfigure.web.servlet.MockMvcPrintOnlyOnFailureTestExecutionListener@4f5b08d, org.springframework.boot.test.autoconfigure.web.servlet.WebDriverTestExecutionListener@529c2a9a, org.springframework.boot.test.autoconfigure.webservices.client.MockWebServiceServerTestExecutionListener@3c87fdf2, org.springframework.boot.test.mock.mockito.ResetMocksTestExecutionListener@26bbe604]

  .   ____          _            __ _ _
 /\\ / ___'_ __ _ _(_)_ __  __ _ \ \ \ \
( ( )\___ | '_ | '_| | '_ \/ _` | \ \ \ \
 \\/  ___)| |_)| | | | | || (_| |  ) ) ) )
  '  |____| .__|_| |_|_| |_\__, | / / / /
 =========|_|==============|___/=/_/_/_/
 :: Spring Boot ::                (v2.6.1)

2022-04-06 08:20:23.163  INFO 1220 --- [    Test worker] TourGuide_GpsUtil.TestGpsUtil            : Starting TestGpsUtil using Java 1.8.0_302 on DESKTOP-FA0T68S with PID 1220 (started by Eric in D:\Openclassrooms\Projet8\Work\Test\TripMaster\TourGuide_GpsUtil)
2022-04-06 08:20:23.163 DEBUG 1220 --- [    Test worker] TourGuide_GpsUtil.TestGpsUtil            : Running with Spring Boot v2.6.1, Spring v5.3.13
2022-04-06 08:20:23.163  INFO 1220 --- [    Test worker] TourGuide_GpsUtil.TestGpsUtil            : No active profile set, falling back to default profiles: default
2022-04-06 08:20:23.499  INFO 1220 --- [    Test worker] o.s.b.t.m.w.SpringBootMockServletContext : Initializing Spring TestDispatcherServlet ''
2022-04-06 08:20:23.499  INFO 1220 --- [    Test worker] o.s.t.web.servlet.TestDispatcherServlet  : Initializing Servlet ''
2022-04-06 08:20:23.499  INFO 1220 --- [    Test worker] o.s.t.web.servlet.TestDispatcherServlet  : Completed initialization in 0 ms
2022-04-06 08:20:23.506  INFO 1220 --- [    Test worker] TourGuide_GpsUtil.TestGpsUtil            : Started TestGpsUtil in 0.367 seconds (JVM running for 2.663)
2022-04-06 08:20:23.510  INFO 1220 --- [    Test worker] T.controller.GpsUtilController           : GET /getAttractions
2022-04-06 08:20:23.566  INFO 1220 --- [    Test worker] T.controller.GpsUtilController           : GET /home
2022-04-06 08:20:23.587  INFO 1220 --- [    Test worker] T.controller.GpsUtilController           : GET /getUserLocation with param: userId: ccf96d52-bbd0-4627-9a1f-805164a11c19
]]></system-out>
  <system-err><![CDATA[]]></system-err>
</testsuite>
