<?xml version="1.0" encoding="UTF-8"?>
<testsuite name="TourGuide_GpsUtil.ApplicationTests" tests="1" skipped="0" failures="0" errors="0" timestamp="2022-04-06T06:20:22" hostname="DESKTOP-FA0T68S" time="0.142">
  <properties/>
  <testcase name="contextLoads()" classname="TourGuide_GpsUtil.ApplicationTests" time="0.142"/>
  <system-out><![CDATA[08:20:21.569 [Test worker] DEBUG org.springframework.test.context.BootstrapUtils - Instantiating CacheAwareContextLoaderDelegate from class [org.springframework.test.context.cache.DefaultCacheAwareContextLoaderDelegate]
08:20:21.577 [Test worker] DEBUG org.springframework.test.context.BootstrapUtils - Instantiating BootstrapContext using constructor [public org.springframework.test.context.support.DefaultBootstrapContext(java.lang.Class,org.springframework.test.context.CacheAwareContextLoaderDelegate)]
08:20:21.602 [Test worker] DEBUG org.springframework.test.context.BootstrapUtils - Instantiating TestContextBootstrapper for test class [TourGuide_GpsUtil.ApplicationTests] from class [org.springframework.boot.test.context.SpringBootTestContextBootstrapper]
08:20:21.611 [Test worker] INFO org.springframework.boot.test.context.SpringBootTestContextBootstrapper - Neither @ContextConfiguration nor @ContextHierarchy found for test class [TourGuide_GpsUtil.ApplicationTests], using SpringBootContextLoader
08:20:21.613 [Test worker] DEBUG org.springframework.test.context.support.AbstractContextLoader - Did not detect default resource location for test class [TourGuide_GpsUtil.ApplicationTests]: class path resource [TourGuide_GpsUtil/ApplicationTests-context.xml] does not exist
08:20:21.614 [Test worker] DEBUG org.springframework.test.context.support.AbstractContextLoader - Did not detect default resource location for test class [TourGuide_GpsUtil.ApplicationTests]: class path resource [TourGuide_GpsUtil/ApplicationTestsContext.groovy] does not exist
08:20:21.614 [Test worker] INFO org.springframework.test.context.support.AbstractContextLoader - Could not detect default resource locations for test class [TourGuide_GpsUtil.ApplicationTests]: no resource found for suffixes {-context.xml, Context.groovy}.
08:20:21.614 [Test worker] INFO org.springframework.test.context.support.AnnotationConfigContextLoaderUtils - Could not detect default configuration classes for test class [TourGuide_GpsUtil.ApplicationTests]: ApplicationTests does not declare any static, non-private, non-final, nested classes annotated with @Configuration.
08:20:21.643 [Test worker] DEBUG org.springframework.test.context.support.ActiveProfilesUtils - Could not find an 'annotation declaring class' for annotation type [org.springframework.test.context.ActiveProfiles] and class [TourGuide_GpsUtil.ApplicationTests]
08:20:21.690 [Test worker] DEBUG org.springframework.context.annotation.ClassPathScanningCandidateComponentProvider - Identified candidate component class: file [D:\Openclassrooms\Projet8\Work\Test\TripMaster\TourGuide_GpsUtil\build\classes\java\main\TourGuide_GpsUtil\Api_GpsUtil.class]
08:20:21.691 [Test worker] INFO org.springframework.boot.test.context.SpringBootTestContextBootstrapper - Found @SpringBootConfiguration TourGuide_GpsUtil.Api_GpsUtil for test class TourGuide_GpsUtil.ApplicationTests
08:20:21.764 [Test worker] DEBUG org.springframework.boot.test.context.SpringBootTestContextBootstrapper - @TestExecutionListeners is not present for class [TourGuide_GpsUtil.ApplicationTests]: using defaults.
08:20:21.765 [Test worker] INFO org.springframework.boot.test.context.SpringBootTestContextBootstrapper - Loaded default TestExecutionListener class names from location [META-INF/spring.factories]: [org.springframework.boot.test.autoconfigure.restdocs.RestDocsTestExecutionListener, org.springframework.boot.test.autoconfigure.web.client.MockRestServiceServerResetTestExecutionListener, org.springframework.boot.test.autoconfigure.web.servlet.MockMvcPrintOnlyOnFailureTestExecutionListener, org.springframework.boot.test.autoconfigure.web.servlet.WebDriverTestExecutionListener, org.springframework.boot.test.autoconfigure.webservices.client.MockWebServiceServerTestExecutionListener, org.springframework.boot.test.mock.mockito.MockitoTestExecutionListener, org.springframework.boot.test.mock.mockito.ResetMocksTestExecutionListener, org.springframework.test.context.web.ServletTestExecutionListener, org.springframework.test.context.support.DirtiesContextBeforeModesTestExecutionListener, org.springframework.test.context.event.ApplicationEventsTestExecutionListener, org.springframework.test.context.support.DependencyInjectionTestExecutionListener, org.springframework.test.context.support.DirtiesContextTestExecutionListener, org.springframework.test.context.transaction.TransactionalTestExecutionListener, org.springframework.test.context.jdbc.SqlScriptsTestExecutionListener, org.springframework.test.context.event.EventPublishingTestExecutionListener]
08:20:21.774 [Test worker] DEBUG org.springframework.boot.test.context.SpringBootTestContextBootstrapper - Skipping candidate TestExecutionListener [org.springframework.test.context.transaction.TransactionalTestExecutionListener] due to a missing dependency. Specify custom listener classes or make the default listener classes and their required dependencies available. Offending class: [org/springframework/transaction/interceptor/TransactionAttributeSource]
08:20:21.774 [Test worker] DEBUG org.springframework.boot.test.context.SpringBootTestContextBootstrapper - Skipping candidate TestExecutionListener [org.springframework.test.context.jdbc.SqlScriptsTestExecutionListener] due to a missing dependency. Specify custom listener classes or make the default listener classes and their required dependencies available. Offending class: [org/springframework/transaction/interceptor/TransactionAttribute]
08:20:21.775 [Test worker] INFO org.springframework.boot.test.context.SpringBootTestContextBootstrapper - Using TestExecutionListeners: [org.springframework.test.context.web.ServletTestExecutionListener@60129b9a, org.springframework.test.context.support.DirtiesContextBeforeModesTestExecutionListener@78d6692f, org.springframework.test.context.event.ApplicationEventsTestExecutionListener@7a55af6b, org.springframework.boot.test.mock.mockito.MockitoTestExecutionListener@3d9c13b5, org.springframework.boot.test.autoconfigure.SpringBootDependencyInjectionTestExecutionListener@492691d7, org.springframework.test.context.support.DirtiesContextTestExecutionListener@27216cd, org.springframework.test.context.event.EventPublishingTestExecutionListener@558bdf1f, org.springframework.boot.test.autoconfigure.restdocs.RestDocsTestExecutionListener@8576fa0, org.springframework.boot.test.autoconfigure.web.client.MockRestServiceServerResetTestExecutionListener@7582ff54, org.springframework.boot.test.autoconfigure.web.servlet.MockMvcPrintOnlyOnFailureTestExecutionListener@67545b57, org.springframework.boot.test.autoconfigure.web.servlet.WebDriverTestExecutionListener@6c2c1385, org.springframework.boot.test.autoconfigure.webservices.client.MockWebServiceServerTestExecutionListener@5f354bcf, org.springframework.boot.test.mock.mockito.ResetMocksTestExecutionListener@3daf7722]
08:20:21.778 [Test worker] DEBUG org.springframework.test.context.support.AbstractDirtiesContextTestExecutionListener - Before test class: context [DefaultTestContext@2bb3058 testClass = ApplicationTests, testInstance = [null], testMethod = [null], testException = [null], mergedContextConfiguration = [WebMergedContextConfiguration@7a362b6b testClass = ApplicationTests, locations = '{}', classes = '{class TourGuide_GpsUtil.Api_GpsUtil}', contextInitializerClasses = '[]', activeProfiles = '{}', propertySourceLocations = '{}', propertySourceProperties = '{org.springframework.boot.test.context.SpringBootTestContextBootstrapper=true}', contextCustomizers = set[org.springframework.boot.test.autoconfigure.actuate.metrics.MetricsExportContextCustomizerFactory$DisableMetricExportContextCustomizer@712625fd, org.springframework.boot.test.autoconfigure.properties.PropertyMappingContextCustomizer@0, org.springframework.boot.test.autoconfigure.web.servlet.WebDriverContextCustomizerFactory$Customizer@18271936, org.springframework.boot.test.context.filter.ExcludeFilterContextCustomizer@48075da3, org.springframework.boot.test.json.DuplicateJsonObjectContextCustomizerFactory$DuplicateJsonObjectContextCustomizer@5e2c3d18, org.springframework.boot.test.mock.mockito.MockitoContextCustomizer@0, org.springframework.boot.test.web.client.TestRestTemplateContextCustomizer@6c284af, org.springframework.boot.test.context.SpringBootTestArgs@1, org.springframework.boot.test.context.SpringBootTestWebEnvironment@23986957], resourceBasePath = 'src/main/webapp', contextLoader = 'org.springframework.boot.test.context.SpringBootContextLoader', parent = [null]], attributes = map['org.springframework.test.context.web.ServletTestExecutionListener.activateListener' -> true]], class annotated with @DirtiesContext [false] with mode [null].
08:20:21.807 [Test worker] DEBUG org.springframework.boot.ApplicationServletEnvironment - Activating profiles []
08:20:21.808 [Test worker] DEBUG org.springframework.test.context.support.TestPropertySourceUtils - Adding inlined properties to environment: {spring.jmx.enabled=false, org.springframework.boot.test.context.SpringBootTestContextBootstrapper=true}

  .   ____          _            __ _ _
 /\\ / ___'_ __ _ _(_)_ __  __ _ \ \ \ \
( ( )\___ | '_ | '_| | '_ \/ _` | \ \ \ \
 \\/  ___)| |_)| | | | | || (_| |  ) ) ) )
  '  |____| .__|_| |_|_| |_\__, | / / / /
 =========|_|==============|___/=/_/_/_/
 :: Spring Boot ::                (v2.6.1)

2022-04-06 08:20:22.003  INFO 1220 --- [    Test worker] TourGuide_GpsUtil.ApplicationTests       : Starting ApplicationTests using Java 1.8.0_302 on DESKTOP-FA0T68S with PID 1220 (started by Eric in D:\Openclassrooms\Projet8\Work\Test\TripMaster\TourGuide_GpsUtil)
2022-04-06 08:20:22.003 DEBUG 1220 --- [    Test worker] TourGuide_GpsUtil.ApplicationTests       : Running with Spring Boot v2.6.1, Spring v5.3.13
2022-04-06 08:20:22.003  INFO 1220 --- [    Test worker] TourGuide_GpsUtil.ApplicationTests       : No active profile set, falling back to default profiles: default
2022-04-06 08:20:22.944  INFO 1220 --- [    Test worker] TourGuide_GpsUtil.ApplicationTests       : Started ApplicationTests in 1.136 seconds (JVM running for 2.102)
]]></system-out>
  <system-err><![CDATA[]]></system-err>
</testsuite>
