<?xml version="1.0" encoding="UTF-8"?>
<testsuite name="TourGuide_Rewards.tripPricer.TestTripPricer" tests="3" skipped="0" failures="0" errors="0" timestamp="2022-04-06T06:20:43" hostname="DESKTOP-FA0T68S" time="0.048">
  <properties/>
  <testcase name="getPriceTest()" classname="TourGuide_Rewards.tripPricer.TestTripPricer" time="0.041"/>
  <testcase name="getHomeTest()" classname="TourGuide_Rewards.tripPricer.TestTripPricer" time="0.003"/>
  <testcase name="getProviderNameTest()" classname="TourGuide_Rewards.tripPricer.TestTripPricer" time="0.002"/>
  <system-out><![CDATA[2022-04-06 08:20:43.748  INFO 18824 --- [    Test worker] .b.t.c.SpringBootTestContextBootstrapper : Neither @ContextConfiguration nor @ContextHierarchy found for test class [TourGuide_Rewards.tripPricer.TestTripPricer], using SpringBootContextLoader
2022-04-06 08:20:43.748  INFO 18824 --- [    Test worker] o.s.t.c.support.AbstractContextLoader    : Could not detect default resource locations for test class [TourGuide_Rewards.tripPricer.TestTripPricer]: no resource found for suffixes {-context.xml, Context.groovy}.
2022-04-06 08:20:43.748  INFO 18824 --- [    Test worker] t.c.s.AnnotationConfigContextLoaderUtils : Could not detect default configuration classes for test class [TourGuide_Rewards.tripPricer.TestTripPricer]: TestTripPricer does not declare any static, non-private, non-final, nested classes annotated with @Configuration.
2022-04-06 08:20:43.751  INFO 18824 --- [    Test worker] .b.t.c.SpringBootTestContextBootstrapper : Found @SpringBootConfiguration TourGuide_Rewards.Api_Rewards for test class TourGuide_Rewards.tripPricer.TestTripPricer
2022-04-06 08:20:43.752  INFO 18824 --- [    Test worker] .b.t.c.SpringBootTestContextBootstrapper : Loaded default TestExecutionListener class names from location [META-INF/spring.factories]: [org.springframework.boot.test.autoconfigure.restdocs.RestDocsTestExecutionListener, org.springframework.boot.test.autoconfigure.web.client.MockRestServiceServerResetTestExecutionListener, org.springframework.boot.test.autoconfigure.web.servlet.MockMvcPrintOnlyOnFailureTestExecutionListener, org.springframework.boot.test.autoconfigure.web.servlet.WebDriverTestExecutionListener, org.springframework.boot.test.autoconfigure.webservices.client.MockWebServiceServerTestExecutionListener, org.springframework.boot.test.mock.mockito.MockitoTestExecutionListener, org.springframework.boot.test.mock.mockito.ResetMocksTestExecutionListener, org.springframework.test.context.web.ServletTestExecutionListener, org.springframework.test.context.support.DirtiesContextBeforeModesTestExecutionListener, org.springframework.test.context.event.ApplicationEventsTestExecutionListener, org.springframework.test.context.support.DependencyInjectionTestExecutionListener, org.springframework.test.context.support.DirtiesContextTestExecutionListener, org.springframework.test.context.transaction.TransactionalTestExecutionListener, org.springframework.test.context.jdbc.SqlScriptsTestExecutionListener, org.springframework.test.context.event.EventPublishingTestExecutionListener]
2022-04-06 08:20:43.753  INFO 18824 --- [    Test worker] .b.t.c.SpringBootTestContextBootstrapper : Using TestExecutionListeners: [org.springframework.test.context.web.ServletTestExecutionListener@254449bb, org.springframework.test.context.support.DirtiesContextBeforeModesTestExecutionListener@4e642ee1, org.springframework.test.context.event.ApplicationEventsTestExecutionListener@29ebbdf4, org.springframework.boot.test.mock.mockito.MockitoTestExecutionListener@2fd954f, org.springframework.boot.test.autoconfigure.SpringBootDependencyInjectionTestExecutionListener@5731d3a, org.springframework.test.context.support.DirtiesContextTestExecutionListener@6a0f2853, org.springframework.test.context.event.EventPublishingTestExecutionListener@1eff3cfb, org.springframework.boot.test.autoconfigure.restdocs.RestDocsTestExecutionListener@70c69586, org.springframework.boot.test.autoconfigure.web.client.MockRestServiceServerResetTestExecutionListener@6dc1dc69, org.springframework.boot.test.autoconfigure.web.servlet.MockMvcPrintOnlyOnFailureTestExecutionListener@7e9f2c32, org.springframework.boot.test.autoconfigure.web.servlet.WebDriverTestExecutionListener@19e0dffe, org.springframework.boot.test.autoconfigure.webservices.client.MockWebServiceServerTestExecutionListener@5d4e13e1, org.springframework.boot.test.mock.mockito.ResetMocksTestExecutionListener@3e0fbeb5]
2022-04-06 08:20:43.756  INFO 18824 --- [    Test worker] T.controller.TripPricerController        : GET /getPrice with param: apiKey: , attractionId: fc01bfdf-9a96-48c5-9bca-45d0572fa1f7, adults: 2, children: 3, nightsStay:14, rewardsPoints: 10
2022-04-06 08:20:43.798  INFO 18824 --- [    Test worker] T.controller.TripPricerController        : GET /home TripPricer
2022-04-06 08:20:43.802  INFO 18824 --- [    Test worker] T.controller.TripPricerController        : GET /getPrice with param: apiKey:, adults: 0
]]></system-out>
  <system-err><![CDATA[]]></system-err>
</testsuite>
